<?xml version="1.0" encoding="UTF-8"?>
<!-- Generated by org.testng.reporters.JUnitReportReporter -->
<testsuite hostname="LAPTOP-I7C0VFGJ" failures="0" tests="3" name="TestCases.VerifyLogin" time="12.032" errors="0" timestamp="2023-10-07T09:14:04 IST" skipped="0">
  <testcase classname="TestCases.VerifyLogin" name="InvalidLogin" time="5.456"/>
  <system-out/>
  <testcase classname="TestCases.VerifyLogin" name="InvalidLogin" time="3.257"/>
  <system-out/>
  <testcase classname="TestCases.VerifyLogin" name="InvalidLogin" time="3.319"/>
  <system-out/>
</testsuite> <!-- TestCases.VerifyLogin -->
