<?xml version="1.0" encoding="UTF-8"?>
<!-- Generated by org.testng.reporters.JUnitReportReporter -->
<testsuite hostname="LAPTOP-I7C0VFGJ" failures="0" tests="3" name="TestCases.VerifyLogin" time="15.012" errors="0" timestamp="2023-10-09T13:43:18 IST" skipped="0">
  <testcase classname="TestCases.VerifyLogin" name="InvalidLogin" time="7.238"/>
  <system-out/>
  <testcase classname="TestCases.VerifyLogin" name="InvalidLogin" time="3.989"/>
  <system-out/>
  <testcase classname="TestCases.VerifyLogin" name="InvalidLogin" time="3.785"/>
  <system-out/>
</testsuite> <!-- TestCases.VerifyLogin -->
