<?xml version="1.0" encoding="UTF-8"?>
<!-- Generated by org.testng.reporters.JUnitReportReporter -->
<testsuite hostname="LAPTOP-I7C0VFGJ" failures="0" tests="3" name="TestCases.VerifyLogin" time="37.303" errors="0" timestamp="2023-10-06T18:30:00 IST" skipped="0">
  <testcase classname="TestCases.VerifyLogin" name="InvalidLogin" time="28.569"/>
  <system-out/>
  <testcase classname="TestCases.VerifyLogin" name="InvalidLogin" time="4.286"/>
  <system-out/>
  <testcase classname="TestCases.VerifyLogin" name="InvalidLogin" time="4.448"/>
  <system-out/>
</testsuite> <!-- TestCases.VerifyLogin -->
