<?xml version="1.0" encoding="UTF-8"?>
<!-- Generated by org.testng.reporters.JUnitReportReporter -->
<testsuite hostname="LAPTOP-I7C0VFGJ" failures="0" tests="3" name="TestCases.VerifyLogin" time="13.492" errors="0" timestamp="2023-10-07T08:33:06 IST" skipped="0">
  <testcase classname="TestCases.VerifyLogin" name="InvalidLogin" time="6.491"/>
  <system-out/>
  <testcase classname="TestCases.VerifyLogin" name="InvalidLogin" time="3.572"/>
  <system-out/>
  <testcase classname="TestCases.VerifyLogin" name="InvalidLogin" time="3.429"/>
  <system-out/>
</testsuite> <!-- TestCases.VerifyLogin -->
