<?xml version="1.0" encoding="UTF-8"?>
<!-- Generated by org.testng.reporters.JUnitReportReporter -->
<testsuite hostname="LAPTOP-I7C0VFGJ" failures="0" tests="3" name="TestCases.VerifyLogin" time="23.485" errors="0" timestamp="2023-10-04T19:07:22 IST" skipped="0">
  <testcase classname="TestCases.VerifyLogin" name="InvalidLogin" time="13.749"/>
  <system-out/>
  <testcase classname="TestCases.VerifyLogin" name="InvalidLogin" time="4.965"/>
  <system-out/>
  <testcase classname="TestCases.VerifyLogin" name="InvalidLogin" time="4.771"/>
  <system-out/>
</testsuite> <!-- TestCases.VerifyLogin -->
