<?xml version="1.0" encoding="UTF-8"?>
<!-- Generated by org.testng.reporters.JUnitReportReporter -->
<testsuite hostname="LAPTOP-I7C0VFGJ" failures="0" tests="3" name="TestCases.VerifyLogin" time="13.155" errors="0" timestamp="2023-10-09T13:43:47 IST" skipped="0">
  <testcase classname="TestCases.VerifyLogin" name="InvalidLogin" time="5.311"/>
  <testcase classname="TestCases.VerifyLogin" name="InvalidLogin" time="4.734"/>
  <testcase classname="TestCases.VerifyLogin" name="InvalidLogin" time="3.110"/>
</testsuite> <!-- TestCases.VerifyLogin -->
