<?xml version="1.0" encoding="UTF-8"?>
<!-- Generated by org.testng.reporters.JUnitReportReporter -->
<testsuite hostname="LAPTOP-I7C0VFGJ" failures="0" tests="3" name="TestCases.VerifyLogin" time="23.293" errors="0" timestamp="2023-10-02T23:41:40 IST" skipped="0">
  <testcase classname="TestCases.VerifyLogin" name="InvalidLogin" time="8.511"/>
  <testcase classname="TestCases.VerifyLogin" name="InvalidLogin" time="5.867"/>
  <testcase classname="TestCases.VerifyLogin" name="InvalidLogin" time="8.915"/>
</testsuite> <!-- TestCases.VerifyLogin -->
