<?xml version="1.0" encoding="UTF-8"?>
<!-- Generated by org.testng.reporters.JUnitReportReporter -->
<testsuite hostname="LAPTOP-I7C0VFGJ" failures="0" tests="3" name="TestCases.VerifyLogin" time="12.987" errors="0" timestamp="2023-10-07T09:17:36 IST" skipped="0">
  <testcase classname="TestCases.VerifyLogin" name="InvalidLogin" time="3.651"/>
  <testcase classname="TestCases.VerifyLogin" name="InvalidLogin" time="4.750"/>
  <testcase classname="TestCases.VerifyLogin" name="InvalidLogin" time="4.586"/>
</testsuite> <!-- TestCases.VerifyLogin -->
