<?xml version="1.0" encoding="UTF-8"?>
<!-- Generated by org.testng.reporters.JUnitReportReporter -->
<testsuite hostname="LAPTOP-I7C0VFGJ" failures="0" tests="3" name="TestCases.VerifyLogin" time="14.903" errors="0" timestamp="2023-10-07T08:34:34 IST" skipped="0">
  <testcase classname="TestCases.VerifyLogin" name="InvalidLogin" time="5.279"/>
  <testcase classname="TestCases.VerifyLogin" name="InvalidLogin" time="6.001"/>
  <testcase classname="TestCases.VerifyLogin" name="InvalidLogin" time="3.623"/>
</testsuite> <!-- TestCases.VerifyLogin -->
